生成启动时间为 2018/3/1 14:53:06。
项目“\\vmware-host\Shared Folders\Documents\work\Github\lua-lz4\unity\win.proj\libLz4forUnity\libLz4forUnity.vcxproj”在节点 2 上(Build 个目标)。
ClCompile:
  C:\Program Files (x86)\Microsoft Visual Studio 12.0\VC\bin\CL.exe /c /I"\\vmware-host\Shared Folders\Documents\work\Github\lua-lz4\lz4-lua\lz4" /Zi /nologo /W3 /WX- /sdl /O2 /Oi /Oy- /GL /D WIN32 /D NDEBUG /D _WINDOWS /D _USRDLL /D LIBLZ4FORUNITY_EXPORTS /D _WINDLL /D _UNICODE /D UNICODE /Gm- /EHsc /MD /GS /Gy /fp:precise /Zc:wchar_t /Zc:forScope /Fo"Release\\" /Fd"Release\vc120.pdb" /Gd /TP /analyze- /errorReport:prompt ..\..\classes\UnityAPI.cc
  UnityAPI.cc
\\vmware-host\shared folders\documents\work\github\lua-lz4\unity\classes\buffer.h : warning C4819: 该文件包含不能在当前代码页(936)中表示的字符。请将该文件保存为 Unicode 格式以防止数据丢失
Link:
  C:\Program Files (x86)\Microsoft Visual Studio 12.0\VC\bin\link.exe /ERRORREPORT:PROMPT /OUT:"\\vmware-host\Shared Folders\Documents\work\Github\lua-lz4\unity\win.proj\libLz4forUnity\Release\libLz4forUnity.dll" /INCREMENTAL:NO /NOLOGO kernel32.lib user32.lib gdi32.lib winspool.lib comdlg32.lib advapi32.lib shell32.lib ole32.lib oleaut32.lib uuid.lib odbc32.lib odbccp32.lib /MANIFEST /MANIFESTUAC:"level='asInvoker' uiAccess='false'" /manifest:embed /DEBUG /PDB:"\\vmware-host\Shared Folders\Documents\work\Github\lua-lz4\unity\win.proj\libLz4forUnity\Release\libLz4forUnity.pdb" /SUBSYSTEM:WINDOWS /OPT:REF /OPT:ICF /LTCG /TLBID:1 /DYNAMICBASE /NXCOMPAT /IMPLIB:"\\vmware-host\Shared Folders\Documents\work\Github\lua-lz4\unity\win.proj\libLz4forUnity\Release\libLz4forUnity.lib" /MACHINE:X86 /SAFESEH /DLL Release\base64.obj
  Release\buffer.obj
  Release\cellsLz4.obj
  Release\UnityAPI.obj
  Release\dllmain.obj
  Release\Lz4.obj
  Release\Lz4frame.obj
  Release\lz4hc.obj
  Release\xxhash.obj
     正在创建库 \\vmware-host\Shared Folders\Documents\work\Github\lua-lz4\unity\win.proj\libLz4forUnity\Release\libLz4forUnity.lib 和对象 \\vmware-host\Shared Folders\Documents\work\Github\lua-lz4\unity\win.proj\libLz4forUnity\Release\libLz4forUnity.exp
  正在生成代码
  已完成代码的生成
  libLz4forUnity.vcxproj -> \\vmware-host\Shared Folders\Documents\work\Github\lua-lz4\unity\win.proj\libLz4forUnity\Release\libLz4forUnity.dll
已完成生成项目“\\vmware-host\Shared Folders\Documents\work\Github\lua-lz4\unity\win.proj\libLz4forUnity\libLz4forUnity.vcxproj”(Build 个目标)的操作。

生成成功。

已用时间 00:00:11.96
