生成启动时间为 2018/3/1 14:14:31。
项目“\\vmware-host\Shared Folders\Documents\work\Github\lua-lz4\unity\win.proj\libLz4forUnity\libLz4forUnity.vcxproj”在节点 2 上(Build 个目标)。
ClCompile:
  C:\Program Files (x86)\Microsoft Visual Studio 12.0\VC\bin\CL.exe /c /I"\\vmware-host\Shared Folders\Documents\work\Github\lua-lz4\lz4-lua\lz4" /ZI /nologo /W3 /WX- /sdl /Od /Oy- /D WIN32 /D _DEBUG /D _WINDOWS /D _USRDLL /D LIBLZ4FORUNITY_EXPORTS /D _WINDLL /D _UNICODE /D UNICODE /Gm /EHsc /RTC1 /MDd /GS /fp:precise /Zc:wchar_t /Zc:forScope /Fo"Debug\\" /Fd"Debug\vc120.pdb" /Gd /TP /analyze- /errorReport:prompt ..\..\classes\UnityAPI.cc
  UnityAPI.cc
\\vmware-host\shared folders\documents\work\github\lua-lz4\unity\classes\buffer.h : warning C4819: 该文件包含不能在当前代码页(936)中表示的字符。请将该文件保存为 Unicode 格式以防止数据丢失
Link:
  C:\Program Files (x86)\Microsoft Visual Studio 12.0\VC\bin\link.exe /ERRORREPORT:PROMPT /OUT:"\\vmware-host\Shared Folders\Documents\work\Github\lua-lz4\unity\win.proj\libLz4forUnity\Debug\libLz4forUnity.dll" /INCREMENTAL /NOLOGO kernel32.lib user32.lib gdi32.lib winspool.lib comdlg32.lib advapi32.lib shell32.lib ole32.lib oleaut32.lib uuid.lib odbc32.lib odbccp32.lib /MANIFEST /MANIFESTUAC:"level='asInvoker' uiAccess='false'" /manifest:embed /DEBUG /PDB:"\\vmware-host\Shared Folders\Documents\work\Github\lua-lz4\unity\win.proj\libLz4forUnity\Debug\libLz4forUnity.pdb" /SUBSYSTEM:WINDOWS /TLBID:1 /DYNAMICBASE /NXCOMPAT /IMPLIB:"\\vmware-host\Shared Folders\Documents\work\Github\lua-lz4\unity\win.proj\libLz4forUnity\Debug\libLz4forUnity.lib" /MACHINE:X86 /DLL Debug\base64.obj
  Debug\buffer.obj
  Debug\cellsLz4.obj
  Debug\UnityAPI.obj
  Debug\dllmain.obj
  Debug\Lz4.obj
  Debug\Lz4frame.obj
  Debug\lz4hc.obj
  Debug\xxhash.obj
     正在创建库 \\vmware-host\Shared Folders\Documents\work\Github\lua-lz4\unity\win.proj\libLz4forUnity\Debug\libLz4forUnity.lib 和对象 \\vmware-host\Shared Folders\Documents\work\Github\lua-lz4\unity\win.proj\libLz4forUnity\Debug\libLz4forUnity.exp
  libLz4forUnity.vcxproj -> \\vmware-host\Shared Folders\Documents\work\Github\lua-lz4\unity\win.proj\libLz4forUnity\Debug\libLz4forUnity.dll
已完成生成项目“\\vmware-host\Shared Folders\Documents\work\Github\lua-lz4\unity\win.proj\libLz4forUnity\libLz4forUnity.vcxproj”(Build 个目标)的操作。

生成成功。

已用时间 00:00:09.51
