\\vmware-host\shared folders\documents\work\github\lua-lz4\unity\win.proj\liblz4forunity\x64\x64\liblz4forunity.dll
\\vmware-host\shared folders\documents\work\github\lua-lz4\unity\win.proj\liblz4forunity\x64\x64\liblz4forunity.pdb
\\vmware-host\shared folders\documents\work\github\lua-lz4\unity\win.proj\liblz4forunity\x64\x64\liblz4forunity.lib
\\vmware-host\shared folders\documents\work\github\lua-lz4\unity\win.proj\liblz4forunity\x64\x64\liblz4forunity.exp
\\vmware-host\shared folders\documents\work\github\lua-lz4\unity\win.proj\liblz4forunity\x64\x64\vc120.pdb
\\vmware-host\shared folders\documents\work\github\lua-lz4\unity\win.proj\liblz4forunity\x64\x64\xxhash.obj
\\vmware-host\shared folders\documents\work\github\lua-lz4\unity\win.proj\liblz4forunity\x64\x64\lz4hc.obj
\\vmware-host\shared folders\documents\work\github\lua-lz4\unity\win.proj\liblz4forunity\x64\x64\lz4frame.obj
\\vmware-host\shared folders\documents\work\github\lua-lz4\unity\win.proj\liblz4forunity\x64\x64\lz4.obj
\\vmware-host\shared folders\documents\work\github\lua-lz4\unity\win.proj\liblz4forunity\x64\x64\unityapi.obj
\\vmware-host\shared folders\documents\work\github\lua-lz4\unity\win.proj\liblz4forunity\x64\x64\cellslz4.obj
\\vmware-host\shared folders\documents\work\github\lua-lz4\unity\win.proj\liblz4forunity\x64\x64\buffer.obj
\\vmware-host\shared folders\documents\work\github\lua-lz4\unity\win.proj\liblz4forunity\x64\x64\base64.obj
\\vmware-host\shared folders\documents\work\github\lua-lz4\unity\win.proj\liblz4forunity\x64\x64\dllmain.obj
\\vmware-host\shared folders\documents\work\github\lua-lz4\unity\win.proj\liblz4forunity\x64\x64\liblz4forunity.tlog\link.read.1.tlog
\\vmware-host\shared folders\documents\work\github\lua-lz4\unity\win.proj\liblz4forunity\x64\x64\liblz4forunity.tlog\link.command.1.tlog
\\vmware-host\shared folders\documents\work\github\lua-lz4\unity\win.proj\liblz4forunity\x64\x64\liblz4forunity.tlog\link.write.1.tlog
\\vmware-host\shared folders\documents\work\github\lua-lz4\unity\win.proj\liblz4forunity\x64\x64\liblz4forunity.tlog\cl.read.1.tlog
\\vmware-host\shared folders\documents\work\github\lua-lz4\unity\win.proj\liblz4forunity\x64\x64\liblz4forunity.tlog\cl.command.1.tlog
\\vmware-host\shared folders\documents\work\github\lua-lz4\unity\win.proj\liblz4forunity\x64\x64\liblz4forunity.tlog\liblz4forunity.write.1u.tlog
\\vmware-host\shared folders\documents\work\github\lua-lz4\unity\win.proj\liblz4forunity\x64\x64\liblz4forunity.tlog\cl.write.1.tlog
